WARN  2014-09-04 22:55:47,588 (NullSarosSession.java:64) unexpected method call
WARN  2014-09-04 22:55:47,594 (NullSarosSession.java:64) unexpected method call
WARN  2014-09-04 22:55:56,128 (NullSarosSession.java:64) unexpected method call
WARN  2014-09-04 22:55:56,136 (NullSarosSession.java:64) unexpected method call
WARN  2014-09-04 22:57:38,097 (SubscriptionManager.java:97) received error presence package from saros1760737472@conference.saros-con.imp.fu-berlin.de/ludo@saros-con.imp.fu-berlin.de/Saros, condition: not-authorized, message: A password is required to enter this room
WARN  2014-09-04 22:57:39,221 (StunServiceImpl.java:420) received no response from STUN server stunserver.org/132.177.123.6:3478 at local address /169.254.89.96:0
ERROR 2014-09-04 22:58:25,671 (CancelableProcess.java:369) cancelled process IPN [remote side: gijs.hendriksen@saros-con.imp.fu-berlin.de/Saros] because the remote side encountered an error: I/O failure: Het proces heeft geen toegang tot het bestand omdat een gedeelte van het bestand door een ander proces is vergrendeld
WARN  2014-09-04 22:58:25,684 (RemoteEditorManager.java:95) received selection from user [gijs.hendriksen] for editor which was never activated: SPath [editorType=txt, path=src/main/java/soulgamerz/impcraft/ImpCraft.java, project=Minecraft2]
WARN  2014-09-04 22:58:25,692 (RemoteEditorManager.java:95) received selection from user [gijs.hendriksen] for editor which was never activated: SPath [editorType=txt, path=src/main/java/soulgamerz/impcraft/ImpCraft.java, project=Minecraft2]
WARN  2014-09-04 22:58:25,696 (RemoteEditorManager.java:95) received selection from user [gijs.hendriksen] for editor which was never activated: SPath [editorType=txt, path=src/main/java/soulgamerz/impcraft/ImpCraft.java, project=Minecraft2]
WARN  2014-09-04 22:58:25,700 (RemoteEditorManager.java:95) received selection from user [gijs.hendriksen] for editor which was never activated: SPath [editorType=txt, path=src/main/java/soulgamerz/impcraft/ImpCraft.java, project=Minecraft2]
WARN  2014-09-04 22:58:25,703 (RemoteEditorManager.java:95) received selection from user [gijs.hendriksen] for editor which was never activated: SPath [editorType=txt, path=src/main/java/soulgamerz/impcraft/ImpCraft.java, project=Minecraft2]
WARN  2014-09-04 22:58:25,707 (NullSarosSession.java:64) unexpected method call
WARN  2014-09-04 22:58:25,713 (NullSarosSession.java:64) unexpected method call
ERROR 2014-09-04 22:58:25,760 (SarosSession.java:718) could not deserialize activity data object: FileActivityDO(type: CREATED, path: SPathDataObject [editorType=txt, path=eclipse/.metadata/.log, projectID=187837607])
java.lang.IllegalArgumentException: SPathDataObject cannot be connected to SarosSession because its ID is unknown: 187837607
	at de.fu_berlin.inf.dpp.activities.SPathDataObject.toSPath(SPathDataObject.java:58)
	at de.fu_berlin.inf.dpp.activities.serializable.FileActivityDataObject.getActivity(FileActivityDataObject.java:114)
	at de.fu_berlin.inf.dpp.project.internal.SarosSession.exec(SarosSession.java:716)
	at de.fu_berlin.inf.dpp.project.internal.ActivitySequencer.executeActivity(ActivitySequencer.java:382)
	at de.fu_berlin.inf.dpp.project.internal.ActivitySequencer.receiveActivities(ActivitySequencer.java:595)
	at de.fu_berlin.inf.dpp.project.internal.ActivitySequencer.access$0(ActivitySequencer.java:549)
	at de.fu_berlin.inf.dpp.project.internal.ActivitySequencer$1.processPacket(ActivitySequencer.java:110)
	at de.fu_berlin.inf.dpp.net.internal.XMPPReceiver.forwardPacket(XMPPReceiver.java:155)
	at de.fu_berlin.inf.dpp.net.internal.XMPPReceiver.access$1(XMPPReceiver.java:144)
	at de.fu_berlin.inf.dpp.net.internal.XMPPReceiver$5.run(XMPPReceiver.java:134)
	at de.fu_berlin.inf.dpp.util.Utils$2.run(Utils.java:175)
	at java.util.concurrent.Executors$RunnableAdapter.call(Executors.java:471)
	at java.util.concurrent.FutureTask.run(FutureTask.java:262)
	at java.util.concurrent.ThreadPoolExecutor.runWorker(ThreadPoolExecutor.java:1145)
	at java.util.concurrent.ThreadPoolExecutor$Worker.run(ThreadPoolExecutor.java:615)
	at java.lang.Thread.run(Thread.java:744)
WARN  2014-09-04 22:58:42,018 (NullSarosSession.java:64) unexpected method call
WARN  2014-09-04 22:58:42,030 (NullSarosSession.java:64) unexpected method call
WARN  2014-09-04 22:58:42,098 (NullSarosSession.java:64) unexpected method call
WARN  2014-09-04 22:58:42,137 (NullSarosSession.java:64) unexpected method call
WARN  2014-09-04 23:00:10,237 (NullSarosSession.java:64) unexpected method call
WARN  2014-09-04 23:00:10,243 (NullSarosSession.java:64) unexpected method call
WARN  2014-09-04 23:00:11,611 (NullSarosSession.java:64) unexpected method call
WARN  2014-09-04 23:00:11,615 (NullSarosSession.java:64) unexpected method call
WARN  2014-09-04 23:00:11,634 (NullSarosSession.java:64) unexpected method call
WARN  2014-09-04 23:00:11,639 (NullSarosSession.java:64) unexpected method call
WARN  2014-09-04 23:00:12,301 (NullSarosSession.java:64) unexpected method call
WARN  2014-09-04 23:00:12,308 (NullSarosSession.java:64) unexpected method call
WARN  2014-09-04 23:00:13,553 (NullSarosSession.java:64) unexpected method call
WARN  2014-09-04 23:00:13,556 (NullSarosSession.java:64) unexpected method call
WARN  2014-09-04 23:00:13,566 (NullSarosSession.java:64) unexpected method call
WARN  2014-09-04 23:00:13,569 (NullSarosSession.java:64) unexpected method call
WARN  2014-09-04 23:00:13,908 (NullSarosSession.java:64) unexpected method call
WARN  2014-09-04 23:00:13,914 (NullSarosSession.java:64) unexpected method call
WARN  2014-09-04 23:00:13,944 (NullSarosSession.java:64) unexpected method call
WARN  2014-09-04 23:00:13,948 (NullSarosSession.java:64) unexpected method call
WARN  2014-09-04 23:00:22,227 (NullSarosSession.java:64) unexpected method call
WARN  2014-09-04 23:00:22,233 (NullSarosSession.java:64) unexpected method call
WARN  2014-09-04 23:00:22,287 (NullSarosSession.java:64) unexpected method call
WARN  2014-09-04 23:00:22,292 (NullSarosSession.java:64) unexpected method call
WARN  2014-09-04 23:00:26,972 (NullSarosSession.java:64) unexpected method call
WARN  2014-09-04 23:00:26,981 (NullSarosSession.java:64) unexpected method call
WARN  2014-09-04 23:00:27,058 (NullSarosSession.java:64) unexpected method call
WARN  2014-09-04 23:00:27,064 (NullSarosSession.java:64) unexpected method call
WARN  2014-09-04 23:00:28,110 (SWTUtils.java:144) could not execute runnable de.fu_berlin.inf.dpp.ui.widgets.ConnectionStateComposite$1$1@52410288, UI thread is not available
StackTrace:
	at de.fu_berlin.inf.dpp.ui.util.SWTUtils.runSafeSWTAsync(SWTUtils.java:145)
	at de.fu_berlin.inf.dpp.ui.widgets.ConnectionStateComposite$1.connectionStateChanged(ConnectionStateComposite.java:55)
	at de.fu_berlin.inf.dpp.net.SarosNet.setConnectionState(SarosNet.java:390)
	at de.fu_berlin.inf.dpp.net.SarosNet.disconnect(SarosNet.java:289)
	at de.fu_berlin.inf.dpp.Saros$1.run(Saros.java:334)
	at de.fu_berlin.inf.dpp.util.Utils$2.run(Utils.java:175)
	at java.lang.Thread.run(Thread.java:744)
WARN  2014-09-04 23:00:28,269 (SWTUtils.java:144) could not execute runnable de.fu_berlin.inf.dpp.ui.widgets.ConnectionStateComposite$1$1@3d1c14d8, UI thread is not available
StackTrace:
	at de.fu_berlin.inf.dpp.ui.util.SWTUtils.runSafeSWTAsync(SWTUtils.java:145)
	at de.fu_berlin.inf.dpp.ui.widgets.ConnectionStateComposite$1.connectionStateChanged(ConnectionStateComposite.java:55)
	at de.fu_berlin.inf.dpp.net.SarosNet.setConnectionState(SarosNet.java:390)
	at de.fu_berlin.inf.dpp.net.SarosNet.disconnect(SarosNet.java:293)
	at de.fu_berlin.inf.dpp.Saros$1.run(Saros.java:334)
	at de.fu_berlin.inf.dpp.util.Utils$2.run(Utils.java:175)
	at java.lang.Thread.run(Thread.java:744)
