INFO  2014-09-04 22:55:47,145 (Saros.java:256) Starting Saros 13.12.6 running:
  Java Version: 1.7.0_51
  Java Vendor: Oracle Corporation
  Eclipse Runtime Version: 3.10.0.v20140318-2214
  Operating System: Windows 7 (6.1)
  Hardware Architecture: amd64
INFO  2014-09-04 22:55:47,172 (XMPPAccountStore.java:103) loaded 0 accounts
INFO  2014-09-04 22:55:47,201 (PreferenceInitializer.java:53) initializing preference default values
DEBUG 2014-09-04 22:55:47,209 (DataTransferManager.java:444) used transport order for the current XMPP connection: [de.fu_berlin.inf.dpp.net.internal.Socks5Transport@601edd39, de.fu_berlin.inf.dpp.net.internal.IBBTransport@a4dfa7c]
DEBUG 2014-09-04 22:55:47,251 (StreamServiceManager.java:225) StreamServices added:
  SendFile
  AudioService
  VideoSharing
DEBUG 2014-09-04 22:55:47,307 (SarosAnnotation.java:112) resetting annotation colors
DEBUG 2014-09-04 22:55:47,382 (Saros.java:296) autogenerated favorite color id is: 3
WARN  2014-09-04 22:55:47,588 (NullSarosSession.java:64) unexpected method call
WARN  2014-09-04 22:55:47,594 (NullSarosSession.java:64) unexpected method call
DEBUG 2014-09-04 22:55:54,690 (SharedDocumentProvider.java:79) SharedDocumentProvider created by Eclipse
WARN  2014-09-04 22:55:56,128 (NullSarosSession.java:64) unexpected method call
WARN  2014-09-04 22:55:56,136 (NullSarosSession.java:64) unexpected method call
DEBUG 2014-09-04 22:55:58,560 (WhiteboardManager.java:108) WhiteboardManager instantiated
DEBUG 2014-09-04 22:55:58,650 (DocumentRecord.java:93) Added Node: attr(140986415863854167) name=svg
DEBUG 2014-09-04 22:56:16,763 (UPnPServiceImpl.java:225) performing gateways discovery
INFO  2014-09-04 22:56:21,599 (UPnPServiceImpl.java:237) discovered 1 gateway(s)
INFO  2014-09-04 22:57:25,406 (XMPPAccountStore.java:161) saved 1 accounts
DEBUG 2014-09-04 22:57:25,777 (SarosNet.java:423) started Socks5 proxy on port: 7777 [listening on all interfaces]
DEBUG 2014-09-04 22:57:27,312 (SarosNet.java:433) found interface addresses: [169.254.89.96, 192.168.178.54, 2001:980:eb2a:1:b4c4:ba09:a4bb:eec7, 2001:980:eb2a:1:c557:2b1:1883:a864, fe80:0:0:0:b4c4:ba09:a4bb:eec7%13, fe80:0:0:0:edfc:bd9c:405e:5960%31]
DEBUG 2014-09-04 22:57:27,330 (SarosNet.java:383)  new connection state == CONNECTING
DEBUG 2014-09-04 22:57:28,724 (SarosNet.java:383) ludo@saros-con.imp.fu-berlin.de/Saros new connection state == CONNECTED
DEBUG 2014-09-04 22:57:28,725 (DataTransferManager.java:444) used transport order for the current XMPP connection: [de.fu_berlin.inf.dpp.net.internal.Socks5Transport@601edd39, de.fu_berlin.inf.dpp.net.internal.IBBTransport@a4dfa7c]
DEBUG 2014-09-04 22:57:28,730 (SkypeManager.java:286) Refreshing Skype username cache...
DEBUG 2014-09-04 22:57:29,043 (DiscoveryManager.java:381) Inserted DiscoveryInfo into Cache for: gijs.hendriksen@saros-con.imp.fu-berlin.de/Saros
DEBUG 2014-09-04 22:57:29,316 (StunServiceImpl.java:173) discovered public WAN-IP: 82.161.201.154 through interface 192.168.178.54
DEBUG 2014-09-04 22:57:34,778 (VersionManager.java:153) Version request from gijs.hendriksen@saros-con.imp.fu-berlin.de/Saros
DEBUG 2014-09-04 22:57:34,780 (VersionManager.java:175) send version info to gijs.hendriksen@saros-con.imp.fu-berlin.de/Saros
INFO  2014-09-04 22:57:34,920 (InvitationHandler.java:71) received invitation from [gijs.hendriksen@saros-con.imp.fu-berlin.de/Saros]  [invitation id: -30162628118554624, session id: 1760737472, version: 13.12.6, compability: OK]
DEBUG 2014-09-04 22:57:37,499 (IncomingSessionNegotiation.java:103) ISN [remote side: gijs.hendriksen@saros-con.imp.fu-berlin.de/Saros] : invitation accepted
DEBUG 2014-09-04 22:57:37,513 (IncomingSessionNegotiation.java:176) ISN [remote side: gijs.hendriksen@saros-con.imp.fu-berlin.de/Saros] : sending invitation accepted confirmation
DEBUG 2014-09-04 22:57:37,518 (IncomingSessionNegotiation.java:207) ISN [remote side: gijs.hendriksen@saros-con.imp.fu-berlin.de/Saros] : sending session negotiation data
DEBUG 2014-09-04 22:57:37,519 (IncomingSessionNegotiation.java:220) ISN [remote side: gijs.hendriksen@saros-con.imp.fu-berlin.de/Saros] : waiting for host's session parameters
DEBUG 2014-09-04 22:57:37,763 (IncomingSessionNegotiation.java:240) ISN [remote side: gijs.hendriksen@saros-con.imp.fu-berlin.de/Saros] : received host's session parameters
DEBUG 2014-09-04 22:57:37,769 (IncomingSessionNegotiation.java:253) ISN [remote side: gijs.hendriksen@saros-con.imp.fu-berlin.de/Saros] : initializing session
DEBUG 2014-09-04 22:57:37,771 (MUCNegotiationManager.java:124) Got hosts Communication Config: server conference.saros-con.imp.fu-berlin.de room SAROS1760737472 pw 539366330
INFO  2014-09-04 22:57:37,866 (StatisticManager.java:185) Current feedback settings:
  Feedback disabled: false
  Feedback interval: 5
  Statistic submission allowed: false
  Pseudonym submission allowed: false
INFO  2014-09-04 22:57:37,899 (ErrorLogManager.java:259) Current error log settings:
  Error log submission allowed: false
  Full Error log submission allowed: false
INFO  2014-09-04 22:57:37,918 (SarosSessionManager.java:283) joined uninitialized Saros session
DEBUG 2014-09-04 22:57:37,919 (IncomingSessionNegotiation.java:282) ISN [remote side: gijs.hendriksen@saros-con.imp.fu-berlin.de/Saros] : starting session
DEBUG 2014-09-04 22:57:37,922 (WhiteboardManager.java:55) Session Started, set Color: RGB {186, 220, 81}
DEBUG 2014-09-04 22:57:37,926 (ColorUtils.java:21) set foregroundcolor RGB {186, 220, 81}
INFO  2014-09-04 22:57:38,042 (StatisticManager.java:164) Session count: 1
DEBUG 2014-09-04 22:57:38,047 (MultiUserChatService.java:122) Joining MUC...
INFO  2014-09-04 22:57:38,048 (ParticipantCollector.java:138) Session started: Current number of participants: 2
DEBUG 2014-09-04 22:57:38,052 (ActivityHandler.java:104) activity dispatcher started
DEBUG 2014-09-04 22:57:38,060 (MultiUserChat.java:266) Trying to create room on server conference.saros-con.imp.fu-berlin.de
DEBUG 2014-09-04 22:57:38,072 (ConsistencyAction.java:168) Inconsistency indicator goes: off
DEBUG 2014-09-04 22:57:38,079 (IncomingSessionNegotiation.java:302) ISN [remote side: gijs.hendriksen@saros-con.imp.fu-berlin.de/Saros] : invitation has completed successfully
DEBUG 2014-09-04 22:57:38,080 (IncomingSessionNegotiation.java:314) ISN [remote side: gijs.hendriksen@saros-con.imp.fu-berlin.de/Saros] : invitation complete confirmation sent
WARN  2014-09-04 22:57:38,097 (SubscriptionManager.java:97) received error presence package from saros1760737472@conference.saros-con.imp.fu-berlin.de/ludo@saros-con.imp.fu-berlin.de/Saros, condition: not-authorized, message: A password is required to enter this room
DEBUG 2014-09-04 22:57:38,207 (MultiUserChat.java:299) MUC joined. Server: conference.saros-con.imp.fu-berlin.de Room: SAROS1760737472 Password 539366330
DEBUG 2014-09-04 22:57:38,216 (MUCStateManager.java:101) Incoming Message from saros1760737472@conference.saros-con.imp.fu-berlin.de/gijs.hendriksen@saros-con.imp.fu-berlin.de/Saros with state: active
DEBUG 2014-09-04 22:57:38,217 (MultiUserChat.java:82) stateChanged fired with state: active
DEBUG 2014-09-04 22:57:38,227 (MultiUserChat.java:136) processPacket called
DEBUG 2014-09-04 22:57:38,268 (MUCStateManager.java:101) Incoming Message from saros1760737472@conference.saros-con.imp.fu-berlin.de/ludo@saros-con.imp.fu-berlin.de/Saros with state: active
DEBUG 2014-09-04 22:57:38,269 (MultiUserChat.java:82) stateChanged fired with state: active
DEBUG 2014-09-04 22:57:38,270 (MultiUserChat.java:136) processPacket called
DEBUG 2014-09-04 22:57:38,647 (ByteStreamTransport.java:71) received request to establish a SOCKS5 bytestream connection to gijs.hendriksen@saros-con.imp.fu-berlin.de/Saros
DEBUG 2014-09-04 22:57:38,648 (Socks5Transport.java:382) [SOCKS5] receiving request from gijs.hendriksen@saros-con.imp.fu-berlin.de/Saros with local proxy enabled (Port 7777). 
DEBUG 2014-09-04 22:57:38,650 (Socks5Transport.java:610) [SOCKS5] Start to establish new response connection
WARN  2014-09-04 22:57:39,221 (StunServiceImpl.java:420) received no response from STUN server stunserver.org/132.177.123.6:3478 at local address /169.254.89.96:0
DEBUG 2014-09-04 22:57:52,187 (Socks5Transport.java:421) [SOCKS5] incoming connection is mediated.
DEBUG 2014-09-04 22:57:52,190 (Socks5Transport.java:215) [SOCKS5] trying if incoming  session is bidirectional
DEBUG 2014-09-04 22:57:53,764 (Socks5Transport.java:220) [SOCKS5] response connection is mediated, too, but at least the server allows bidirectional connections. (using incoming session)
DEBUG 2014-09-04 22:57:53,771 (DataTransferManager.java:141) bytestream connection changed SOCKS5 (mediated) [to: gijs.hendriksen@saros-con.imp.fu-berlin.de/Saros|inc: true|id: saros-main-session]
DEBUG 2014-09-04 22:57:53,775 (BinaryChannelConnection.java:88) SOCKS5 (mediated) [gijs.hendriksen@saros-con.imp.fu-berlin.de/Saros]  ReceiverThread started.
DEBUG 2014-09-04 22:57:53,801 (UserInformationHandler.java:288) received user list from gijs.hendriksen@saros-con.imp.fu-berlin.de/Saros
DEBUG 2014-09-04 22:57:53,802 (UserInformationHandler.java:312) updating permissions for user: gijs.hendriksen [WRITE_ACCESS]
DEBUG 2014-09-04 22:57:53,803 (UserInformationHandler.java:312) updating permissions for user: ludo [WRITE_ACCESS]
DEBUG 2014-09-04 22:57:53,804 (UserInformationHandler.java:342) sending user list received confirmation to gijs.hendriksen@saros-con.imp.fu-berlin.de/Saros
DEBUG 2014-09-04 22:57:54,004 (ActivitySequencer.java:586) rcvd (002) gijs.hendriksen@saros-con.imp.fu-berlin.de/Saros: [ChangeColorActivityDO(source: gijs.hendriksen@saros-con.imp.fu-berlin.de/Saros, affected: gijs.hendriksen@saros-con.imp.fu-berlin.de/Saros, colorID: 0), ChangeColorActivityDO(source: gijs.hendriksen@saros-con.imp.fu-berlin.de/Saros, affected: ludo@saros-con.imp.fu-berlin.de/Saros, colorID: 2)]
DEBUG 2014-09-04 22:57:54,017 (ChangeColorManager.java:202) received color id change fo user : gijs.hendriksen [0]
DEBUG 2014-09-04 22:57:54,035 (CancelableProcess.java:321) process ISN [remote side: gijs.hendriksen@saros-con.imp.fu-berlin.de/Saros] exit status: OK
DEBUG 2014-09-04 22:57:54,038 (ChangeColorManager.java:566) updating color id set: [gijs.hendriksen@saros-con.imp.fu-berlin.de/Saros, ludo@saros-con.imp.fu-berlin.de/Saros]
DEBUG 2014-09-04 22:57:54,272 (ByteStreamTransport.java:71) received request to establish a SOCKS5 bytestream connection to gijs.hendriksen@saros-con.imp.fu-berlin.de/Saros
DEBUG 2014-09-04 22:57:54,274 (Socks5Transport.java:382) [SOCKS5] receiving request from gijs.hendriksen@saros-con.imp.fu-berlin.de/Saros with local proxy enabled (Port 7777). 
DEBUG 2014-09-04 22:57:54,278 (Socks5Transport.java:610) [SOCKS5] Start to establish new response connection
DEBUG 2014-09-04 22:57:54,359 (ChangeColorManager.java:202) received color id change fo user : ludo [2]
DEBUG 2014-09-04 22:57:54,361 (ChangeColorManager.java:566) updating color id set: [gijs.hendriksen@saros-con.imp.fu-berlin.de/Saros, ludo@saros-con.imp.fu-berlin.de/Saros]
DEBUG 2014-09-04 22:57:54,468 (Socks5Transport.java:421) [SOCKS5] incoming connection is mediated.
DEBUG 2014-09-04 22:57:55,178 (Socks5Transport.java:215) [SOCKS5] trying if incoming  session is bidirectional
DEBUG 2014-09-04 22:57:55,250 (Socks5Transport.java:220) [SOCKS5] response connection is mediated, too, but at least the server allows bidirectional connections. (using incoming session)
DEBUG 2014-09-04 22:57:55,252 (DataTransferManager.java:141) bytestream connection changed SOCKS5 (mediated) [to: gijs.hendriksen@saros-con.imp.fu-berlin.de/Saros|inc: true|id: default]
DEBUG 2014-09-04 22:57:55,254 (BinaryChannelConnection.java:88) SOCKS5 (mediated) [gijs.hendriksen@saros-con.imp.fu-berlin.de/Saros]  ReceiverThread started.
DEBUG 2014-09-04 22:57:55,625 (SXEIncomingSynchronizationProcess.java:67) SXE(3003) invitation from gijs.hendriksen@saros-con.imp.fu-berlin.de/Saros received
DEBUG 2014-09-04 22:57:55,628 (SXEController.java:537) Whiteboard state changed from INIT to CONNECTING
DEBUG 2014-09-04 22:57:55,631 (SXEIncomingSynchronizationProcess.java:94) SXE(3003) queue incoming records from now
DEBUG 2014-09-04 22:57:55,631 (SarosSXETransmitter.java:149) SXE send accept-state to gijs.hendriksen@saros-con.imp.fu-berlin.de/Saros waiting for [state]
DEBUG 2014-09-04 22:57:55,828 (SXEIncomingSynchronizationProcess.java:101) SXE(3003) state received
DEBUG 2014-09-04 22:57:55,830 (SXEController.java:137) SXE (3003): receive state and start session at invitee side
DEBUG 2014-09-04 22:57:55,832 (DocumentRecord.java:93) Added Node: attr(140986418694921079) name=svg
INFO  2014-09-04 22:58:04,985 (InvitationHandler.java:138) received project negotiation from gijs.hendriksen@saros-con.imp.fu-berlin.de/Saros with session id: 1760737472 and negotiation id: 1796740468392554529
INFO  2014-09-04 22:58:05,007 (ProjectNegotiationObservable.java:61) This is ProjectNegotiation number 1 in this session. There are 0 process(es) in this session
DEBUG 2014-09-04 22:58:05,058 (EnterProjectNamePage.java:381) 187837607: Minecraft
DEBUG 2014-09-04 22:58:14,659 (EditorAPI.java:324) IWorkbenchPage.getEditorReferences() returned IEditorPart which needs to be restored: en_US.lang
DEBUG 2014-09-04 22:58:15,446 (IncomingProjectNegotiation.java:430) compute required Files for project Minecraft2 with ID: 187837607
DEBUG 2014-09-04 22:58:15,656 (IncomingProjectNegotiation.java:671) IPN [remote side: gijs.hendriksen@saros-con.imp.fu-berlin.de/Saros] : computing file list difference
DEBUG 2014-09-04 22:58:15,812 (FileUtils.java:294) .create() Creating folder eclipse not possible - it already exists
DEBUG 2014-09-04 22:58:15,846 (FileUtils.java:294) .create() Creating folder Minecraft not possible - it already exists
DEBUG 2014-09-04 22:58:15,857 (FileUtils.java:294) .create() Creating folder org.eclipse.core.resources not possible - it already exists
DEBUG 2014-09-04 22:58:15,871 (FileUtils.java:294) .create() Creating folder .plugins not possible - it already exists
DEBUG 2014-09-04 22:58:15,902 (FileUtils.java:294) .create() Creating folder .history not possible - it already exists
DEBUG 2014-09-04 22:58:15,913 (FileUtils.java:294) .create() Creating folder .plugins not possible - it already exists
DEBUG 2014-09-04 22:58:16,441 (ActivitySequencer.java:586) rcvd (001) gijs.hendriksen@saros-con.imp.fu-berlin.de/Saros: [StopActivityDO(id: 225817773-724386441787041522, type: LOCKREQUEST, state: INITIATED, initiator: gijs.hendriksen@saros-con.imp.fu-berlin.de/Saros, affected user: ludo@saros-con.imp.fu-berlin.de/Saros, src: gijs.hendriksen@saros-con.imp.fu-berlin.de/Saros)]
DEBUG 2014-09-04 22:58:16,446 (EditorManager.java:1836) Lock all editors
DEBUG 2014-09-04 22:58:16,457 (ActivitySequencer.java:529) send (001) [gijs.hendriksen@saros-con.imp.fu-berlin.de/Saros] [StopActivityDO(id: 225817773-724386441787041522, type: LOCKREQUEST, state: ACKNOWLEDGED, initiator: gijs.hendriksen@saros-con.imp.fu-berlin.de/Saros, affected user: ludo@saros-con.imp.fu-berlin.de/Saros, src: ludo@saros-con.imp.fu-berlin.de/Saros)]
DEBUG 2014-09-04 22:58:17,047 (SarosProjectMapper.java:193) added project P/Minecraft2 with ID 187837607 [completely shared:false]
DEBUG 2014-09-04 22:58:17,052 (IncomingProjectNegotiation.java:865) waiting for incoming archive stream request
DEBUG 2014-09-04 22:58:24,881 (ActivitySequencer.java:586) rcvd (001) gijs.hendriksen@saros-con.imp.fu-berlin.de/Saros: [TextSelectionActivityDO(offset: 189, length:1, src: gijs.hendriksen@saros-con.imp.fu-berlin.de/Saros, path: SPathDataObject [editorType=txt, path=src/main/java/soulgamerz/impcraft/ImpCraft.java, projectID=187837607])]
DEBUG 2014-09-04 22:58:24,949 (ActivitySequencer.java:586) rcvd (001) gijs.hendriksen@saros-con.imp.fu-berlin.de/Saros: [TextSelectionActivityDO(offset: 188, length:2, src: gijs.hendriksen@saros-con.imp.fu-berlin.de/Saros, path: SPathDataObject [editorType=txt, path=src/main/java/soulgamerz/impcraft/ImpCraft.java, projectID=187837607])]
DEBUG 2014-09-04 22:58:25,093 (ActivitySequencer.java:586) rcvd (001) gijs.hendriksen@saros-con.imp.fu-berlin.de/Saros: [TextSelectionActivityDO(offset: 187, length:3, src: gijs.hendriksen@saros-con.imp.fu-berlin.de/Saros, path: SPathDataObject [editorType=txt, path=src/main/java/soulgamerz/impcraft/ImpCraft.java, projectID=187837607])]
DEBUG 2014-09-04 22:58:25,097 (ActivitySequencer.java:586) rcvd (001) gijs.hendriksen@saros-con.imp.fu-berlin.de/Saros: [TextSelectionActivityDO(offset: 185, length:5, src: gijs.hendriksen@saros-con.imp.fu-berlin.de/Saros, path: SPathDataObject [editorType=txt, path=src/main/java/soulgamerz/impcraft/ImpCraft.java, projectID=187837607])]
DEBUG 2014-09-04 22:58:25,465 (ActivitySequencer.java:586) rcvd (001) gijs.hendriksen@saros-con.imp.fu-berlin.de/Saros: [StopActivityDO(id: 225817773-724386441787041522, type: UNLOCKREQUEST, state: INITIATED, initiator: gijs.hendriksen@saros-con.imp.fu-berlin.de/Saros, affected user: ludo@saros-con.imp.fu-berlin.de/Saros, src: gijs.hendriksen@saros-con.imp.fu-berlin.de/Saros)]
DEBUG 2014-09-04 22:58:25,468 (EditorManager.java:1838) Unlock all editors
DEBUG 2014-09-04 22:58:25,471 (ActivitySequencer.java:529) send (001) [gijs.hendriksen@saros-con.imp.fu-berlin.de/Saros] [StopActivityDO(id: 225817773-724386441787041522, type: UNLOCKREQUEST, state: ACKNOWLEDGED, initiator: gijs.hendriksen@saros-con.imp.fu-berlin.de/Saros, affected user: ludo@saros-con.imp.fu-berlin.de/Saros, src: ludo@saros-con.imp.fu-berlin.de/Saros)]
DEBUG 2014-09-04 22:58:25,510 (ActivitySequencer.java:586) rcvd (001) gijs.hendriksen@saros-con.imp.fu-berlin.de/Saros: [TextSelectionActivityDO(offset: 190, length:0, src: gijs.hendriksen@saros-con.imp.fu-berlin.de/Saros, path: SPathDataObject [editorType=txt, path=src/main/java/soulgamerz/impcraft/ImpCraft.java, projectID=187837607])]
DEBUG 2014-09-04 22:58:25,514 (CancelProjectSharingHandler.java:72) Inv[gijs.hendriksen@saros-con.imp.fu-berlin.de/Saros] : Received invitation cancel message
DEBUG 2014-09-04 22:58:25,516 (CancelableProcess.java:184) process IPN [remote side: gijs.hendriksen@saros-con.imp.fu-berlin.de/Saros] was cancelled by the remote side, error: I/O failure: Het proces heeft geen toegang tot het bestand omdat een gedeelte van het bestand door een ander proces is vergrendeld
ERROR 2014-09-04 22:58:25,671 (CancelableProcess.java:369) cancelled process IPN [remote side: gijs.hendriksen@saros-con.imp.fu-berlin.de/Saros] because the remote side encountered an error: I/O failure: Het proces heeft geen toegang tot het bestand omdat een gedeelte van het bestand door een ander proces is vergrendeld
DEBUG 2014-09-04 22:58:25,677 (CancelableProcess.java:317) executing cancellation for process IPN [remote side: gijs.hendriksen@saros-con.imp.fu-berlin.de/Saros]
DEBUG 2014-09-04 22:58:25,678 (SarosProjectMapper.java:224) removed project P/Minecraft2 with ID 187837607
DEBUG 2014-09-04 22:58:25,680 (SarosSessionManager.java:332) terminating all running negotiation processes
DEBUG 2014-09-04 22:58:25,684 (SarosSessionManager.java:339) Leave message sent.
WARN  2014-09-04 22:58:25,684 (RemoteEditorManager.java:95) received selection from user [gijs.hendriksen] for editor which was never activated: SPath [editorType=txt, path=src/main/java/soulgamerz/impcraft/ImpCraft.java, project=Minecraft2]
WARN  2014-09-04 22:58:25,692 (RemoteEditorManager.java:95) received selection from user [gijs.hendriksen] for editor which was never activated: SPath [editorType=txt, path=src/main/java/soulgamerz/impcraft/ImpCraft.java, project=Minecraft2]
WARN  2014-09-04 22:58:25,696 (RemoteEditorManager.java:95) received selection from user [gijs.hendriksen] for editor which was never activated: SPath [editorType=txt, path=src/main/java/soulgamerz/impcraft/ImpCraft.java, project=Minecraft2]
WARN  2014-09-04 22:58:25,700 (RemoteEditorManager.java:95) received selection from user [gijs.hendriksen] for editor which was never activated: SPath [editorType=txt, path=src/main/java/soulgamerz/impcraft/ImpCraft.java, project=Minecraft2]
WARN  2014-09-04 22:58:25,703 (RemoteEditorManager.java:95) received selection from user [gijs.hendriksen] for editor which was never activated: SPath [editorType=txt, path=src/main/java/soulgamerz/impcraft/ImpCraft.java, project=Minecraft2]
DEBUG 2014-09-04 22:58:25,707 (ActivityHandler.java:112) activity dispatcher stopped
WARN  2014-09-04 22:58:25,707 (NullSarosSession.java:64) unexpected method call
DEBUG 2014-09-04 22:58:25,711 (FollowModeCollector.java:177) Processing follow mode changes took 0.0 s
WARN  2014-09-04 22:58:25,713 (NullSarosSession.java:64) unexpected method call
INFO  2014-09-04 22:58:25,718 (FeedbackManager.java:105) Session lasted 0 min 47 s
INFO  2014-09-04 22:58:25,720 (ParticipantCollector.java:149) Session ended: Current number of participants: 2
DEBUG 2014-09-04 22:58:25,753 (ActivitySequencer.java:586) rcvd (001) gijs.hendriksen@saros-con.imp.fu-berlin.de/Saros: [FileActivityDO(type: CREATED, path: SPathDataObject [editorType=txt, path=eclipse/.metadata/.log, projectID=187837607])]
ERROR 2014-09-04 22:58:25,760 (SarosSession.java:718) could not deserialize activity data object: FileActivityDO(type: CREATED, path: SPathDataObject [editorType=txt, path=eclipse/.metadata/.log, projectID=187837607])
java.lang.IllegalArgumentException: SPathDataObject cannot be connected to SarosSession because its ID is unknown: 187837607
	at de.fu_berlin.inf.dpp.activities.SPathDataObject.toSPath(SPathDataObject.java:58)
	at de.fu_berlin.inf.dpp.activities.serializable.FileActivityDataObject.getActivity(FileActivityDataObject.java:114)
	at de.fu_berlin.inf.dpp.project.internal.SarosSession.exec(SarosSession.java:716)
	at de.fu_berlin.inf.dpp.project.internal.ActivitySequencer.executeActivity(ActivitySequencer.java:382)
	at de.fu_berlin.inf.dpp.project.internal.ActivitySequencer.receiveActivities(ActivitySequencer.java:595)
	at de.fu_berlin.inf.dpp.project.internal.ActivitySequencer.access$0(ActivitySequencer.java:549)
	at de.fu_berlin.inf.dpp.project.internal.ActivitySequencer$1.processPacket(ActivitySequencer.java:110)
	at de.fu_berlin.inf.dpp.net.internal.XMPPReceiver.forwardPacket(XMPPReceiver.java:155)
	at de.fu_berlin.inf.dpp.net.internal.XMPPReceiver.access$1(XMPPReceiver.java:144)
	at de.fu_berlin.inf.dpp.net.internal.XMPPReceiver$5.run(XMPPReceiver.java:134)
	at de.fu_berlin.inf.dpp.util.Utils$2.run(Utils.java:175)
	at java.util.concurrent.Executors$RunnableAdapter.call(Executors.java:471)
	at java.util.concurrent.FutureTask.run(FutureTask.java:262)
	at java.util.concurrent.ThreadPoolExecutor.runWorker(ThreadPoolExecutor.java:1145)
	at java.util.concurrent.ThreadPoolExecutor$Worker.run(ThreadPoolExecutor.java:615)
	at java.lang.Thread.run(Thread.java:744)
DEBUG 2014-09-04 22:58:25,754 (StatisticManager.java:330) Session statistic:
  auto.followmode.enabled=false
  data_transfer.SOCKS5 (mediated).average_throughput_kbs=42.1
  data_transfer.SOCKS5 (mediated).number_of_events=24
  data_transfer.SOCKS5 (mediated).total_size_kb=20
  data_transfer.SOCKS5 (mediated).total_time_ms=490
  eclipse.version=3.10.0.v20140318-2214
  feedback.disabled=false
  feedback.survey.interval=5
  followmode.time.percent=0
  followmode.time.total=0.0
  followmode.toggles=0
  gesture.count=0
  java.version=1.7.0_51
  jumped.count=0
  jumped.driver.count=0
  jumped.observer.count=0
  observer.selection.count.witnessed=0
  observer.selection.count=0
  os.name=Windows 7
  random.user.id=2014-09-04_22-58-25_1331588339
  role.1.duration=0.79
  role.1=write_access
  role.changes=0
  role.driver.duration=0.79
  role.driver.percent=100
  role.observer.duration=0.0
  role.observer.percent=0
  saros.version=13.12.6
  session.count=1
  session.id=1760737472
  session.local.start=2014-09-04T20:58:25Z
  session.shared.project.complete.count=0
  session.shared.project.partial.count=0
  session.shared.project.partial.files.count=0
  session.time.users.2.percent=100
  session.time.users.2=0.79
  session.time=0.79
  session.users.total=2
  textedits.chars=0
  textedits.count=0
  textedits.nonparallel.chars=0
  textedits.nonparallel.percent=0
  textedits.pastes.chars=0
  textedits.pastes=0
  user.is.host=false
  voip.session.count=0
  voip.time.percent=0
  voip.time.total=0.0
INFO  2014-09-04 22:58:25,773 (StatisticManager.java:244) User does not allow to submit session statistics
DEBUG 2014-09-04 22:58:25,777 (EditorManager.java:1838) Unlock all editors
DEBUG 2014-09-04 22:58:25,785 (BinaryChannelConnection.java:95) SOCKS5 (mediated) [gijs.hendriksen@saros-con.imp.fu-berlin.de/Saros]  connection closed locally: socket closed
DEBUG 2014-09-04 22:58:25,860 (MultiUserChatService.java:157) Leaving multi user chat Session Chat.
DEBUG 2014-09-04 22:58:25,865 (SharedProjectDecorator.java:92) clearing project decoration for all shared projects
INFO  2014-09-04 22:58:25,868 (SarosSessionManager.java:353) session stopped
DEBUG 2014-09-04 22:58:25,869 (CancelableProcess.java:321) process IPN [remote side: gijs.hendriksen@saros-con.imp.fu-berlin.de/Saros] exit status: REMOTE_ERROR
WARN  2014-09-04 22:58:42,018 (NullSarosSession.java:64) unexpected method call
WARN  2014-09-04 22:58:42,030 (NullSarosSession.java:64) unexpected method call
WARN  2014-09-04 22:58:42,098 (NullSarosSession.java:64) unexpected method call
WARN  2014-09-04 22:58:42,137 (NullSarosSession.java:64) unexpected method call
WARN  2014-09-04 23:00:10,237 (NullSarosSession.java:64) unexpected method call
WARN  2014-09-04 23:00:10,243 (NullSarosSession.java:64) unexpected method call
WARN  2014-09-04 23:00:11,611 (NullSarosSession.java:64) unexpected method call
WARN  2014-09-04 23:00:11,615 (NullSarosSession.java:64) unexpected method call
WARN  2014-09-04 23:00:11,634 (NullSarosSession.java:64) unexpected method call
WARN  2014-09-04 23:00:11,639 (NullSarosSession.java:64) unexpected method call
WARN  2014-09-04 23:00:12,301 (NullSarosSession.java:64) unexpected method call
WARN  2014-09-04 23:00:12,308 (NullSarosSession.java:64) unexpected method call
WARN  2014-09-04 23:00:13,553 (NullSarosSession.java:64) unexpected method call
WARN  2014-09-04 23:00:13,556 (NullSarosSession.java:64) unexpected method call
WARN  2014-09-04 23:00:13,566 (NullSarosSession.java:64) unexpected method call
WARN  2014-09-04 23:00:13,569 (NullSarosSession.java:64) unexpected method call
WARN  2014-09-04 23:00:13,908 (NullSarosSession.java:64) unexpected method call
WARN  2014-09-04 23:00:13,914 (NullSarosSession.java:64) unexpected method call
WARN  2014-09-04 23:00:13,944 (NullSarosSession.java:64) unexpected method call
WARN  2014-09-04 23:00:13,948 (NullSarosSession.java:64) unexpected method call
WARN  2014-09-04 23:00:22,227 (NullSarosSession.java:64) unexpected method call
WARN  2014-09-04 23:00:22,233 (NullSarosSession.java:64) unexpected method call
WARN  2014-09-04 23:00:22,287 (NullSarosSession.java:64) unexpected method call
WARN  2014-09-04 23:00:22,292 (NullSarosSession.java:64) unexpected method call
WARN  2014-09-04 23:00:26,972 (NullSarosSession.java:64) unexpected method call
WARN  2014-09-04 23:00:26,981 (NullSarosSession.java:64) unexpected method call
WARN  2014-09-04 23:00:27,058 (NullSarosSession.java:64) unexpected method call
WARN  2014-09-04 23:00:27,064 (NullSarosSession.java:64) unexpected method call
DEBUG 2014-09-04 23:00:28,100 (SarosNet.java:383) ludo@saros-con.imp.fu-berlin.de/Saros new connection state == DISCONNECTING
DEBUG 2014-09-04 23:00:28,108 (BinaryChannelConnection.java:95) SOCKS5 (mediated) [gijs.hendriksen@saros-con.imp.fu-berlin.de/Saros]  connection closed locally: socket closed
WARN  2014-09-04 23:00:28,110 (SWTUtils.java:144) could not execute runnable de.fu_berlin.inf.dpp.ui.widgets.ConnectionStateComposite$1$1@52410288, UI thread is not available
StackTrace:
	at de.fu_berlin.inf.dpp.ui.util.SWTUtils.runSafeSWTAsync(SWTUtils.java:145)
	at de.fu_berlin.inf.dpp.ui.widgets.ConnectionStateComposite$1.connectionStateChanged(ConnectionStateComposite.java:55)
	at de.fu_berlin.inf.dpp.net.SarosNet.setConnectionState(SarosNet.java:390)
	at de.fu_berlin.inf.dpp.net.SarosNet.disconnect(SarosNet.java:289)
	at de.fu_berlin.inf.dpp.Saros$1.run(Saros.java:334)
	at de.fu_berlin.inf.dpp.util.Utils$2.run(Utils.java:175)
	at java.lang.Thread.run(Thread.java:744)
DEBUG 2014-09-04 23:00:28,268 (SarosNet.java:383)  new connection state == NOT_CONNECTED
WARN  2014-09-04 23:00:28,269 (SWTUtils.java:144) could not execute runnable de.fu_berlin.inf.dpp.ui.widgets.ConnectionStateComposite$1$1@3d1c14d8, UI thread is not available
StackTrace:
	at de.fu_berlin.inf.dpp.ui.util.SWTUtils.runSafeSWTAsync(SWTUtils.java:145)
	at de.fu_berlin.inf.dpp.ui.widgets.ConnectionStateComposite$1.connectionStateChanged(ConnectionStateComposite.java:55)
	at de.fu_berlin.inf.dpp.net.SarosNet.setConnectionState(SarosNet.java:390)
	at de.fu_berlin.inf.dpp.net.SarosNet.disconnect(SarosNet.java:293)
	at de.fu_berlin.inf.dpp.Saros$1.run(Saros.java:334)
	at de.fu_berlin.inf.dpp.util.Utils$2.run(Utils.java:175)
	at java.lang.Thread.run(Thread.java:744)
DEBUG 2014-09-04 23:00:28,274 (UPnPServiceImpl.java:295) deleting existing port mappings
